<?xml version="1.0" encoding="UTF-8"?>
<testng-results ignored="0" total="1" passed="1" failed="0" skipped="0">
  <reporter-output>
  </reporter-output>
  <suite started-at="2023-04-17T19:58:55 IST" name="Surefire suite" finished-at="2023-04-17T19:58:55 IST" duration-ms="35">
    <groups>
    </groups>
    <test started-at="2023-04-17T19:58:55 IST" name="Surefire test" finished-at="2023-04-17T19:58:55 IST" duration-ms="35">
      <class name="com.big.Testing.AppTest">
        <test-method signature="testApp()" started-at="2023-04-17T19:58:55 IST" name="testApp" finished-at="2023-04-17T19:58:55 IST" duration-ms="13" status="PASS">
          <reporter-output>
          </reporter-output>
        </test-method> <!-- testApp -->
      </class> <!-- com.big.Testing.AppTest -->
    </test> <!-- Surefire test -->
  </suite> <!-- Surefire suite -->
</testng-results>
